c:\users\araso\documents\vs projects\lab3cap\x64\debug\vc143.pdb
c:\users\araso\documents\vs projects\lab3cap\x64\debug\vc143.idb
c:\users\araso\documents\vs projects\lab3cap\x64\debug\lab3cap.obj
c:\users\araso\documents\vs projects\lab3cap\x64\debug\eje1.obj
c:\users\araso\documents\vs projects\lab3cap\x64\debug\eje2.obj
c:\users\araso\documents\vs projects\lab3cap\x64\debug\lab3cap.exe
c:\users\araso\documents\vs projects\lab3cap\x64\debug\lab3cap.ilk
c:\users\araso\documents\vs projects\lab3cap\x64\debug\lab3cap.pdb
c:\users\araso\documents\vs projects\lab3cap\x64\debug\lab3cap.tlog\cl.command.1.tlog
c:\users\araso\documents\vs projects\lab3cap\x64\debug\lab3cap.tlog\cl.read.1.tlog
c:\users\araso\documents\vs projects\lab3cap\x64\debug\lab3cap.tlog\cl.write.1.tlog
c:\users\araso\documents\vs projects\lab3cap\x64\debug\lab3cap.tlog\link.2272-cvtres.read.1.tlog
c:\users\araso\documents\vs projects\lab3cap\x64\debug\lab3cap.tlog\link.2272-cvtres.write.1.tlog
c:\users\araso\documents\vs projects\lab3cap\x64\debug\lab3cap.tlog\link.2272-rc.read.1.tlog
c:\users\araso\documents\vs projects\lab3cap\x64\debug\lab3cap.tlog\link.2272-rc.write.1.tlog
c:\users\araso\documents\vs projects\lab3cap\x64\debug\lab3cap.tlog\link.2272.read.1.tlog
c:\users\araso\documents\vs projects\lab3cap\x64\debug\lab3cap.tlog\link.2272.read.2.tlog
c:\users\araso\documents\vs projects\lab3cap\x64\debug\lab3cap.tlog\link.2272.write.1.tlog
c:\users\araso\documents\vs projects\lab3cap\x64\debug\lab3cap.tlog\link.command.1.tlog
c:\users\araso\documents\vs projects\lab3cap\x64\debug\lab3cap.tlog\link.read.1.tlog
c:\users\araso\documents\vs projects\lab3cap\x64\debug\lab3cap.tlog\link.write.1.tlog
